c:\temp\dalgo\extended-svarsforslag\ex2_list\ex2_list\x64\debug\vc142.pdb
c:\temp\dalgo\extended-svarsforslag\ex2_list\ex2_list\x64\debug\vc142.idb
c:\temp\dalgo\extended-svarsforslag\ex2_list\ex2_list\x64\debug\main.obj
c:\temp\dalgo\extended-svarsforslag\ex2_list\ex2_list\x64\debug\list.obj
c:\temp\dalgo\prov\ex2_list_prov\ex2_list\x64\debug\vc142.pdb
c:\temp\dalgo\prov\ex2_list_prov\ex2_list\x64\debug\vc142.idb
c:\temp\dalgo\prov\ex2_list_prov\ex2_list\x64\debug\main.obj
c:\temp\dalgo\prov\ex2_list_prov\ex2_list\x64\debug\list.obj
c:\temp\dalgo\extended-svarsforslag\ex2_list\x64\debug\ex2_list.ilk
c:\temp\dalgo\extended-svarsforslag\ex2_list\x64\debug\ex2_list.exe
c:\temp\dalgo\extended-svarsforslag\ex2_list\x64\debug\ex2_list.pdb
c:\temp\dalgo\prov\ex2_list_prov\x64\debug\ex2_list.exe
c:\temp\dalgo\prov\ex2_list_prov\x64\debug\ex2_list.ilk
c:\temp\dalgo\prov\ex2_list_prov\x64\debug\ex2_list.pdb
c:\temp\dalgo\prov\ex2_list_prov\ex2_list\x64\debug\list.obj.enc
c:\temp\dalgo\prov\ex2_list_prov\ex2_list\x64\debug\ex2_list.tlog\cl.command.1.tlog
c:\temp\dalgo\prov\ex2_list_prov\ex2_list\x64\debug\ex2_list.tlog\cl.read.1.tlog
c:\temp\dalgo\prov\ex2_list_prov\ex2_list\x64\debug\ex2_list.tlog\cl.write.1.tlog
c:\temp\dalgo\prov\ex2_list_prov\ex2_list\x64\debug\ex2_list.tlog\link.command.1.tlog
c:\temp\dalgo\prov\ex2_list_prov\ex2_list\x64\debug\ex2_list.tlog\link.read.1.tlog
c:\temp\dalgo\prov\ex2_list_prov\ex2_list\x64\debug\ex2_list.tlog\link.write.1.tlog
